<?xml version="1.0" ?>
<coverage version="7.13.5" timestamp="1779895698562" lines-valid="10324" lines-covered="9870" line-rate="0.956" branches-covered="0" branches-valid="0" branch-rate="0" complexity="0">
	<!-- Generated by coverage.py: https://coverage.readthedocs.io/en/7.13.5 -->
	<!-- Based on https://raw.githubusercontent.com/cobertura/web/master/htdocs/xml/coverage-04.dtd -->
	<sources>
		<source>/home/runner/work/my-project/src</source>
	</sources>
	<packages>
		<package name="." line-rate="0.9415" branch-rate="0" complexity="0">
			<classes>
				<!-- "di.py" appears as name= and filename= here at a non-zero line-rate.
				     The per-file parser must not stop at this line when looking for the
				     deeper path event_handlers/remove_user_token/di.py (Bug 1). -->
				<class name="di.py" filename="di.py" complexity="0" line-rate="0.9394" branch-rate="0">
					<methods/>
					<lines/>
				</class>
				<class name="di.py" filename="event_handlers/remove_user_token/di.py" complexity="0" line-rate="0" branch-rate="0">
					<methods/>
					<lines/>
				</class>
			</classes>
		</package>
	</packages>
</coverage>
