<sources>
	<source>package1</source>
	<source>package2</source>
	<source>package3</source>
</sources>
<coverage version="6.0" timestamp="1633536330812" lines-valid="1000" lines-covered="940" line-rate="0.94" branches-covered="0" branches-valid="0" branch-rate="0" complexity="0">
  <class branch-rate="0" complexity="0" filename="package1/client.ts" line-rate="0.9" name="client.ts">
  <class branch-rate="0" complexity="0" filename="package1/coverage.ts" line-rate="0.99" name="coverage.ts">
  <class branch-rate="0" complexity="0" filename="package2/format.ts" line-rate="0.88" name="format.ts">
  <class branch-rate="0" complexity="0" filename="package2/utils.ts" line-rate="0.75" name="utils.ts">
  <class branch-rate="0" complexity="0" filename="package3/main.ts" line-rate="0.0" name="main.ts">
  <class branch-rate="0" complexity="0" filename="package3/score.ts" line-rate="0.55" name="score.ts">
</coverage>
