<?xml version="1.0" ?>
<coverage version="6.4.4" timestamp="1700000000" lines-valid="500" lines-covered="450" line-rate="0.9" branches-covered="0" branches-valid="0" branch-rate="0" complexity="0">
	<sources>
		<source>/home/runner/work/my-project/src</source>
	</sources>
	<packages>
		<package name="." line-rate="0.9" branch-rate="0" complexity="0">
			<classes>
				<class branch-rate="0" complexity="0" filename="di.py" line-rate="0.9394" name="di.py">
					<lines/>
				</class>
				<class branch-rate="0" complexity="0" filename="event_handlers/remove_user_token/di.py" line-rate="0" name="di.py">
					<lines/>
				</class>
			</classes>
		</package>
	</packages>
</coverage>
